<?xml version="1.0" encoding="UTF-8"?>
<testsuite xmlns:xsi="http://www.w3.org/2001/XMLSchema-instance" xsi:schemaLocation="https://maven.apache.org/surefire/maven-surefire-plugin/xsd/surefire-test-report.xsd" name="ds.RandoopTest.Randoop0" time="0.39" tests="175" errors="0" skipped="0" failures="1">
  <properties>
    <property name="java.runtime.name" value="OpenJDK Runtime Environment"/>
    <property name="sun.boot.library.path" value="/usr/lib/jvm/java-8-openjdk-amd64/jre/lib/amd64"/>
    <property name="java.vm.version" value="25.432-bga"/>
    <property name="testName" value="ds.RandoopTest.Randoop0"/>
    <property name="java.vm.vendor" value="Private Build"/>
    <property name="maven.multiModuleProjectDirectory" value="/home/chenyuwen/test/initial-investigation-chatgpt-unit-tests/projetos/23TabelaHash"/>
    <property name="java.vendor.url" value="http://java.oracle.com/"/>
    <property name="path.separator" value=":"/>
    <property name="guice.disable.misplaced.annotation.check" value="true"/>
    <property name="java.vm.name" value="OpenJDK 64-Bit Server VM"/>
    <property name="file.encoding.pkg" value="sun.io"/>
    <property name="user.country" value="CN"/>
    <property name="sun.java.launcher" value="SUN_STANDARD"/>
    <property name="sun.os.patch.level" value="unknown"/>
    <property name="java.vm.specification.name" value="Java Virtual Machine Specification"/>
    <property name="user.dir" value="/home/chenyuwen/test/initial-investigation-chatgpt-unit-tests/projetos/23TabelaHash"/>
    <property name="java.runtime.version" value="1.8.0_432-8u432-ga~us1-0ubuntu2~20.04-ga"/>
    <property name="java.awt.graphicsenv" value="sun.awt.X11GraphicsEnvironment"/>
    <property name="java.endorsed.dirs" value="/usr/lib/jvm/java-8-openjdk-amd64/jre/lib/endorsed"/>
    <property name="os.arch" value="amd64"/>
    <property name="java.io.tmpdir" value="/tmp"/>
    <property name="line.separator" value="&#10;"/>
    <property name="java.vm.specification.vendor" value="Oracle Corporation"/>
    <property name="os.name" value="Linux"/>
    <property name="classworlds.conf" value="/home/chenyuwen/apache-maven-3.9.9/bin/m2.conf"/>
    <property name="sun.jnu.encoding" value="UTF-8"/>
    <property name="java.library.path" value="/usr/java/packages/lib/amd64:/usr/lib/x86_64-linux-gnu/jni:/lib/x86_64-linux-gnu:/usr/lib/x86_64-linux-gnu:/usr/lib/jni:/lib:/usr/lib"/>
    <property name="maven.conf" value="/home/chenyuwen/apache-maven-3.9.9/conf"/>
    <property name="java.specification.name" value="Java Platform API Specification"/>
    <property name="java.class.version" value="52.0"/>
    <property name="sun.management.compiler" value="HotSpot 64-Bit Tiered Compilers"/>
    <property name="os.version" value="5.15.0-127-generic"/>
    <property name="library.jansi.path" value="/home/chenyuwen/apache-maven-3.9.9/lib/jansi-native"/>
    <property name="user.home" value="/home/chenyuwen"/>
    <property name="user.timezone" value="Asia/Shanghai"/>
    <property name="java.awt.printerjob" value="sun.print.PSPrinterJob"/>
    <property name="java.specification.version" value="1.8"/>
    <property name="file.encoding" value="UTF-8"/>
    <property name="user.name" value="chenyuwen"/>
    <property name="java.class.path" value="/home/chenyuwen/apache-maven-3.9.9/boot/plexus-classworlds-2.8.0.jar"/>
    <property name="java.vm.specification.version" value="1.8"/>
    <property name="sun.arch.data.model" value="64"/>
    <property name="java.home" value="/usr/lib/jvm/java-8-openjdk-amd64/jre"/>
    <property name="sun.java.command" value="org.codehaus.plexus.classworlds.launcher.Launcher -DclassName=ds.TabelaHash -DtestName=ds.RandoopTest.Randoop0 clean install org.pitest:pitest-maven:mutationCoverage"/>
    <property name="java.specification.vendor" value="Oracle Corporation"/>
    <property name="user.language" value="zh"/>
    <property name="awt.toolkit" value="sun.awt.X11.XToolkit"/>
    <property name="java.vm.info" value="mixed mode"/>
    <property name="java.version" value="1.8.0_432"/>
    <property name="java.ext.dirs" value="/usr/lib/jvm/java-8-openjdk-amd64/jre/lib/ext:/usr/java/packages/lib/ext"/>
    <property name="sun.boot.class.path" value="/usr/lib/jvm/java-8-openjdk-amd64/jre/lib/resources.jar:/usr/lib/jvm/java-8-openjdk-amd64/jre/lib/rt.jar:/usr/lib/jvm/java-8-openjdk-amd64/jre/lib/sunrsasign.jar:/usr/lib/jvm/java-8-openjdk-amd64/jre/lib/jsse.jar:/usr/lib/jvm/java-8-openjdk-amd64/jre/lib/jce.jar:/usr/lib/jvm/java-8-openjdk-amd64/jre/lib/charsets.jar:/usr/lib/jvm/java-8-openjdk-amd64/jre/lib/jfr.jar:/usr/lib/jvm/java-8-openjdk-amd64/jre/classes"/>
    <property name="java.vendor" value="Private Build"/>
    <property name="java.specification.maintenance.version" value="6"/>
    <property name="maven.home" value="/home/chenyuwen/apache-maven-3.9.9"/>
    <property name="file.separator" value="/"/>
    <property name="java.vendor.url.bug" value="http://bugreport.sun.com/bugreport/"/>
    <property name="className" value="ds.TabelaHash"/>
    <property name="sun.cpu.endian" value="little"/>
    <property name="sun.io.unicode.encoding" value="UnicodeLittle"/>
    <property name="sun.desktop" value="gnome"/>
    <property name="sun.cpu.isalist" value=""/>
  </properties>
  <testcase name="test001" classname="ds.RandoopTest.Randoop0" time="0.013"/>
  <testcase name="test002" classname="ds.RandoopTest.Randoop0" time="0"/>
  <testcase name="test003" classname="ds.RandoopTest.Randoop0" time="0"/>
  <testcase name="test004" classname="ds.RandoopTest.Randoop0" time="0"/>
  <testcase name="test005" classname="ds.RandoopTest.Randoop0" time="0"/>
  <testcase name="test006" classname="ds.RandoopTest.Randoop0" time="0"/>
  <testcase name="test007" classname="ds.RandoopTest.Randoop0" time="0.001"/>
  <testcase name="test008" classname="ds.RandoopTest.Randoop0" time="0.006"/>
  <testcase name="test009" classname="ds.RandoopTest.Randoop0" time="0"/>
  <testcase name="test010" classname="ds.RandoopTest.Randoop0" time="0.001"/>
  <testcase name="test011" classname="ds.RandoopTest.Randoop0" time="0"/>
  <testcase name="test012" classname="ds.RandoopTest.Randoop0" time="0"/>
  <testcase name="test013" classname="ds.RandoopTest.Randoop0" time="0"/>
  <testcase name="test014" classname="ds.RandoopTest.Randoop0" time="0"/>
  <testcase name="test015" classname="ds.RandoopTest.Randoop0" time="0"/>
  <testcase name="test016" classname="ds.RandoopTest.Randoop0" time="0"/>
  <testcase name="test017" classname="ds.RandoopTest.Randoop0" time="0"/>
  <testcase name="test018" classname="ds.RandoopTest.Randoop0" time="0.01"/>
  <testcase name="test019" classname="ds.RandoopTest.Randoop0" time="0.001"/>
  <testcase name="test020" classname="ds.RandoopTest.Randoop0" time="0"/>
  <testcase name="test021" classname="ds.RandoopTest.Randoop0" time="0.001"/>
  <testcase name="test022" classname="ds.RandoopTest.Randoop0" time="0"/>
  <testcase name="test023" classname="ds.RandoopTest.Randoop0" time="0.001"/>
  <testcase name="test024" classname="ds.RandoopTest.Randoop0" time="0"/>
  <testcase name="test025" classname="ds.RandoopTest.Randoop0" time="0"/>
  <testcase name="test026" classname="ds.RandoopTest.Randoop0" time="0.001"/>
  <testcase name="test027" classname="ds.RandoopTest.Randoop0" time="0.001"/>
  <testcase name="test028" classname="ds.RandoopTest.Randoop0" time="0"/>
  <testcase name="test029" classname="ds.RandoopTest.Randoop0" time="0"/>
  <testcase name="test030" classname="ds.RandoopTest.Randoop0" time="0"/>
  <testcase name="test031" classname="ds.RandoopTest.Randoop0" time="0"/>
  <testcase name="test032" classname="ds.RandoopTest.Randoop0" time="0"/>
  <testcase name="test033" classname="ds.RandoopTest.Randoop0" time="0"/>
  <testcase name="test034" classname="ds.RandoopTest.Randoop0" time="0"/>
  <testcase name="test035" classname="ds.RandoopTest.Randoop0" time="0"/>
  <testcase name="test036" classname="ds.RandoopTest.Randoop0" time="0"/>
  <testcase name="test037" classname="ds.RandoopTest.Randoop0" time="0"/>
  <testcase name="test038" classname="ds.RandoopTest.Randoop0" time="0"/>
  <testcase name="test039" classname="ds.RandoopTest.Randoop0" time="0"/>
  <testcase name="test040" classname="ds.RandoopTest.Randoop0" time="0"/>
  <testcase name="test041" classname="ds.RandoopTest.Randoop0" time="0"/>
  <testcase name="test042" classname="ds.RandoopTest.Randoop0" time="0"/>
  <testcase name="test043" classname="ds.RandoopTest.Randoop0" time="0"/>
  <testcase name="test044" classname="ds.RandoopTest.Randoop0" time="0"/>
  <testcase name="test045" classname="ds.RandoopTest.Randoop0" time="0"/>
  <testcase name="test046" classname="ds.RandoopTest.Randoop0" time="0.001"/>
  <testcase name="test047" classname="ds.RandoopTest.Randoop0" time="0"/>
  <testcase name="test048" classname="ds.RandoopTest.Randoop0" time="0"/>
  <testcase name="test049" classname="ds.RandoopTest.Randoop0" time="0"/>
  <testcase name="test050" classname="ds.RandoopTest.Randoop0" time="0"/>
  <testcase name="test051" classname="ds.RandoopTest.Randoop0" time="0.001"/>
  <testcase name="test052" classname="ds.RandoopTest.Randoop0" time="0"/>
  <testcase name="test053" classname="ds.RandoopTest.Randoop0" time="0.001"/>
  <testcase name="test054" classname="ds.RandoopTest.Randoop0" time="0"/>
  <testcase name="test055" classname="ds.RandoopTest.Randoop0" time="0.001"/>
  <testcase name="test056" classname="ds.RandoopTest.Randoop0" time="0.001"/>
  <testcase name="test057" classname="ds.RandoopTest.Randoop0" time="0"/>
  <testcase name="test058" classname="ds.RandoopTest.Randoop0" time="0.001"/>
  <testcase name="test059" classname="ds.RandoopTest.Randoop0" time="0.008"/>
  <testcase name="test060" classname="ds.RandoopTest.Randoop0" time="0"/>
  <testcase name="test061" classname="ds.RandoopTest.Randoop0" time="0.001"/>
  <testcase name="test062" classname="ds.RandoopTest.Randoop0" time="0"/>
  <testcase name="test063" classname="ds.RandoopTest.Randoop0" time="0"/>
  <testcase name="test064" classname="ds.RandoopTest.Randoop0" time="0.012">
    <failure message="expected:&lt;[[1, ]]&gt; but was:&lt;[[, 1]]&gt;" type="org.junit.ComparisonFailure">org.junit.ComparisonFailure: expected:&lt;[[1, ]]&gt; but was:&lt;[[, 1]]&gt;	at ds.RandoopTest.Randoop0.test064(Randoop0.java:1189)</failure>
    <system-out><![CDATA[Registro nao esta presente
Registro ja esta presente
]]></system-out>
  </testcase>
  <testcase name="test065" classname="ds.RandoopTest.Randoop0" time="0.001"/>
  <testcase name="test066" classname="ds.RandoopTest.Randoop0" time="0"/>
  <testcase name="test067" classname="ds.RandoopTest.Randoop0" time="0.001"/>
  <testcase name="test068" classname="ds.RandoopTest.Randoop0" time="0"/>
  <testcase name="test069" classname="ds.RandoopTest.Randoop0" time="0.016"/>
  <testcase name="test070" classname="ds.RandoopTest.Randoop0" time="0.001"/>
  <testcase name="test071" classname="ds.RandoopTest.Randoop0" time="0"/>
  <testcase name="test072" classname="ds.RandoopTest.Randoop0" time="0.001"/>
  <testcase name="test073" classname="ds.RandoopTest.Randoop0" time="0"/>
  <testcase name="test074" classname="ds.RandoopTest.Randoop0" time="0.001"/>
  <testcase name="test075" classname="ds.RandoopTest.Randoop0" time="0"/>
  <testcase name="test076" classname="ds.RandoopTest.Randoop0" time="0"/>
  <testcase name="test077" classname="ds.RandoopTest.Randoop0" time="0"/>
  <testcase name="test078" classname="ds.RandoopTest.Randoop0" time="0"/>
  <testcase name="test079" classname="ds.RandoopTest.Randoop0" time="0"/>
  <testcase name="test080" classname="ds.RandoopTest.Randoop0" time="0"/>
  <testcase name="test081" classname="ds.RandoopTest.Randoop0" time="0.001"/>
  <testcase name="test082" classname="ds.RandoopTest.Randoop0" time="0"/>
  <testcase name="test083" classname="ds.RandoopTest.Randoop0" time="0"/>
  <testcase name="test084" classname="ds.RandoopTest.Randoop0" time="0"/>
  <testcase name="test085" classname="ds.RandoopTest.Randoop0" time="0"/>
  <testcase name="test086" classname="ds.RandoopTest.Randoop0" time="0"/>
  <testcase name="test087" classname="ds.RandoopTest.Randoop0" time="0"/>
  <testcase name="test088" classname="ds.RandoopTest.Randoop0" time="0.001"/>
  <testcase name="test089" classname="ds.RandoopTest.Randoop0" time="0.001"/>
  <testcase name="test090" classname="ds.RandoopTest.Randoop0" time="0"/>
  <testcase name="test091" classname="ds.RandoopTest.Randoop0" time="0"/>
  <testcase name="test092" classname="ds.RandoopTest.Randoop0" time="0"/>
  <testcase name="test093" classname="ds.RandoopTest.Randoop0" time="0.019"/>
  <testcase name="test094" classname="ds.RandoopTest.Randoop0" time="0"/>
  <testcase name="test095" classname="ds.RandoopTest.Randoop0" time="0"/>
  <testcase name="test096" classname="ds.RandoopTest.Randoop0" time="0.001"/>
  <testcase name="test097" classname="ds.RandoopTest.Randoop0" time="0"/>
  <testcase name="test098" classname="ds.RandoopTest.Randoop0" time="0"/>
  <testcase name="test099" classname="ds.RandoopTest.Randoop0" time="0"/>
  <testcase name="test100" classname="ds.RandoopTest.Randoop0" time="0.001"/>
  <testcase name="test101" classname="ds.RandoopTest.Randoop0" time="0.002"/>
  <testcase name="test102" classname="ds.RandoopTest.Randoop0" time="0.001"/>
  <testcase name="test103" classname="ds.RandoopTest.Randoop0" time="0.001"/>
  <testcase name="test104" classname="ds.RandoopTest.Randoop0" time="0.001"/>
  <testcase name="test105" classname="ds.RandoopTest.Randoop0" time="0.002"/>
  <testcase name="test106" classname="ds.RandoopTest.Randoop0" time="0"/>
  <testcase name="test107" classname="ds.RandoopTest.Randoop0" time="0.001"/>
  <testcase name="test108" classname="ds.RandoopTest.Randoop0" time="0.001"/>
  <testcase name="test109" classname="ds.RandoopTest.Randoop0" time="0.002"/>
  <testcase name="test110" classname="ds.RandoopTest.Randoop0" time="0.002"/>
  <testcase name="test111" classname="ds.RandoopTest.Randoop0" time="0.006"/>
  <testcase name="test112" classname="ds.RandoopTest.Randoop0" time="0"/>
  <testcase name="test113" classname="ds.RandoopTest.Randoop0" time="0.002"/>
  <testcase name="test114" classname="ds.RandoopTest.Randoop0" time="0.002"/>
  <testcase name="test115" classname="ds.RandoopTest.Randoop0" time="0.001"/>
  <testcase name="test116" classname="ds.RandoopTest.Randoop0" time="0.002"/>
  <testcase name="test117" classname="ds.RandoopTest.Randoop0" time="0.001"/>
  <testcase name="test118" classname="ds.RandoopTest.Randoop0" time="0.001"/>
  <testcase name="test119" classname="ds.RandoopTest.Randoop0" time="0.002"/>
  <testcase name="test120" classname="ds.RandoopTest.Randoop0" time="0.002"/>
  <testcase name="test121" classname="ds.RandoopTest.Randoop0" time="0.001"/>
  <testcase name="test122" classname="ds.RandoopTest.Randoop0" time="0.001"/>
  <testcase name="test123" classname="ds.RandoopTest.Randoop0" time="0.001"/>
  <testcase name="test124" classname="ds.RandoopTest.Randoop0" time="0.001"/>
  <testcase name="test125" classname="ds.RandoopTest.Randoop0" time="0.002"/>
  <testcase name="test126" classname="ds.RandoopTest.Randoop0" time="0"/>
  <testcase name="test127" classname="ds.RandoopTest.Randoop0" time="0.001"/>
  <testcase name="test128" classname="ds.RandoopTest.Randoop0" time="0.004"/>
  <testcase name="test129" classname="ds.RandoopTest.Randoop0" time="0.015"/>
  <testcase name="test130" classname="ds.RandoopTest.Randoop0" time="0.001"/>
  <testcase name="test131" classname="ds.RandoopTest.Randoop0" time="0"/>
  <testcase name="test132" classname="ds.RandoopTest.Randoop0" time="0"/>
  <testcase name="test133" classname="ds.RandoopTest.Randoop0" time="0"/>
  <testcase name="test134" classname="ds.RandoopTest.Randoop0" time="0"/>
  <testcase name="test135" classname="ds.RandoopTest.Randoop0" time="0"/>
  <testcase name="test136" classname="ds.RandoopTest.Randoop0" time="0"/>
  <testcase name="test137" classname="ds.RandoopTest.Randoop0" time="0"/>
  <testcase name="test138" classname="ds.RandoopTest.Randoop0" time="0"/>
  <testcase name="test139" classname="ds.RandoopTest.Randoop0" time="0"/>
  <testcase name="test140" classname="ds.RandoopTest.Randoop0" time="0"/>
  <testcase name="test141" classname="ds.RandoopTest.Randoop0" time="0"/>
  <testcase name="test142" classname="ds.RandoopTest.Randoop0" time="0"/>
  <testcase name="test143" classname="ds.RandoopTest.Randoop0" time="0"/>
  <testcase name="test144" classname="ds.RandoopTest.Randoop0" time="0"/>
  <testcase name="test145" classname="ds.RandoopTest.Randoop0" time="0"/>
  <testcase name="test146" classname="ds.RandoopTest.Randoop0" time="0"/>
  <testcase name="test147" classname="ds.RandoopTest.Randoop0" time="0"/>
  <testcase name="test148" classname="ds.RandoopTest.Randoop0" time="0"/>
  <testcase name="test149" classname="ds.RandoopTest.Randoop0" time="0"/>
  <testcase name="test150" classname="ds.RandoopTest.Randoop0" time="0"/>
  <testcase name="test151" classname="ds.RandoopTest.Randoop0" time="0"/>
  <testcase name="test152" classname="ds.RandoopTest.Randoop0" time="0"/>
  <testcase name="test153" classname="ds.RandoopTest.Randoop0" time="0"/>
  <testcase name="test154" classname="ds.RandoopTest.Randoop0" time="0"/>
  <testcase name="test155" classname="ds.RandoopTest.Randoop0" time="0"/>
  <testcase name="test156" classname="ds.RandoopTest.Randoop0" time="0"/>
  <testcase name="test157" classname="ds.RandoopTest.Randoop0" time="0"/>
  <testcase name="test158" classname="ds.RandoopTest.Randoop0" time="0"/>
  <testcase name="test159" classname="ds.RandoopTest.Randoop0" time="0"/>
  <testcase name="test160" classname="ds.RandoopTest.Randoop0" time="0.001"/>
  <testcase name="test161" classname="ds.RandoopTest.Randoop0" time="0.014"/>
  <testcase name="test162" classname="ds.RandoopTest.Randoop0" time="0.001"/>
  <testcase name="test163" classname="ds.RandoopTest.Randoop0" time="0"/>
  <testcase name="test164" classname="ds.RandoopTest.Randoop0" time="0.001"/>
  <testcase name="test165" classname="ds.RandoopTest.Randoop0" time="0"/>
  <testcase name="test166" classname="ds.RandoopTest.Randoop0" time="0.001"/>
  <testcase name="test167" classname="ds.RandoopTest.Randoop0" time="0"/>
  <testcase name="test168" classname="ds.RandoopTest.Randoop0" time="0"/>
  <testcase name="test169" classname="ds.RandoopTest.Randoop0" time="0.001"/>
  <testcase name="test170" classname="ds.RandoopTest.Randoop0" time="0"/>
  <testcase name="test171" classname="ds.RandoopTest.Randoop0" time="0.001"/>
  <testcase name="test172" classname="ds.RandoopTest.Randoop0" time="0.001"/>
  <testcase name="test173" classname="ds.RandoopTest.Randoop0" time="0"/>
  <testcase name="test174" classname="ds.RandoopTest.Randoop0" time="0.001"/>
  <testcase name="test175" classname="ds.RandoopTest.Randoop0" time="0"/>
</testsuite>