<?xml version="1.0" encoding="UTF-8"?>
<testsuite xmlns:xsi="http://www.w3.org/2001/XMLSchema-instance" xsi:schemaLocation="https://maven.apache.org/surefire/maven-surefire-plugin/xsd/surefire-test-report.xsd" name="ds.RandoopTest.ErrorTest" time="0.235" tests="4" errors="4" skipped="0" failures="0">
  <properties>
    <property name="java.runtime.name" value="OpenJDK Runtime Environment"/>
    <property name="sun.boot.library.path" value="/usr/lib/jvm/java-8-openjdk-amd64/jre/lib/amd64"/>
    <property name="java.vm.version" value="25.432-bga"/>
    <property name="testName" value="ds.RandoopTest.ErrorTest"/>
    <property name="java.vm.vendor" value="Private Build"/>
    <property name="maven.multiModuleProjectDirectory" value="/home/chenyuwen/test/initial-investigation-chatgpt-unit-tests/projetos/27Grafo"/>
    <property name="java.vendor.url" value="http://java.oracle.com/"/>
    <property name="path.separator" value=":"/>
    <property name="guice.disable.misplaced.annotation.check" value="true"/>
    <property name="java.vm.name" value="OpenJDK 64-Bit Server VM"/>
    <property name="file.encoding.pkg" value="sun.io"/>
    <property name="user.country" value="CN"/>
    <property name="sun.java.launcher" value="SUN_STANDARD"/>
    <property name="sun.os.patch.level" value="unknown"/>
    <property name="java.vm.specification.name" value="Java Virtual Machine Specification"/>
    <property name="user.dir" value="/home/chenyuwen/test/initial-investigation-chatgpt-unit-tests/projetos/27Grafo"/>
    <property name="java.runtime.version" value="1.8.0_432-8u432-ga~us1-0ubuntu2~20.04-ga"/>
    <property name="java.awt.graphicsenv" value="sun.awt.X11GraphicsEnvironment"/>
    <property name="java.endorsed.dirs" value="/usr/lib/jvm/java-8-openjdk-amd64/jre/lib/endorsed"/>
    <property name="os.arch" value="amd64"/>
    <property name="java.io.tmpdir" value="/tmp"/>
    <property name="line.separator" value="&#10;"/>
    <property name="java.vm.specification.vendor" value="Oracle Corporation"/>
    <property name="os.name" value="Linux"/>
    <property name="classworlds.conf" value="/home/chenyuwen/apache-maven-3.9.9/bin/m2.conf"/>
    <property name="sun.jnu.encoding" value="UTF-8"/>
    <property name="java.library.path" value="/usr/java/packages/lib/amd64:/usr/lib/x86_64-linux-gnu/jni:/lib/x86_64-linux-gnu:/usr/lib/x86_64-linux-gnu:/usr/lib/jni:/lib:/usr/lib"/>
    <property name="maven.conf" value="/home/chenyuwen/apache-maven-3.9.9/conf"/>
    <property name="java.specification.name" value="Java Platform API Specification"/>
    <property name="java.class.version" value="52.0"/>
    <property name="sun.management.compiler" value="HotSpot 64-Bit Tiered Compilers"/>
    <property name="os.version" value="5.15.0-127-generic"/>
    <property name="library.jansi.path" value="/home/chenyuwen/apache-maven-3.9.9/lib/jansi-native"/>
    <property name="user.home" value="/home/chenyuwen"/>
    <property name="user.timezone" value="Asia/Shanghai"/>
    <property name="java.awt.printerjob" value="sun.print.PSPrinterJob"/>
    <property name="java.specification.version" value="1.8"/>
    <property name="file.encoding" value="UTF-8"/>
    <property name="user.name" value="chenyuwen"/>
    <property name="java.class.path" value="/home/chenyuwen/apache-maven-3.9.9/boot/plexus-classworlds-2.8.0.jar"/>
    <property name="java.vm.specification.version" value="1.8"/>
    <property name="sun.arch.data.model" value="64"/>
    <property name="java.home" value="/usr/lib/jvm/java-8-openjdk-amd64/jre"/>
    <property name="sun.java.command" value="org.codehaus.plexus.classworlds.launcher.Launcher -DclassName=ds.Grafo -DtestName=ds.RandoopTest.ErrorTest clean install org.pitest:pitest-maven:mutationCoverage"/>
    <property name="java.specification.vendor" value="Oracle Corporation"/>
    <property name="user.language" value="zh"/>
    <property name="awt.toolkit" value="sun.awt.X11.XToolkit"/>
    <property name="java.vm.info" value="mixed mode"/>
    <property name="java.version" value="1.8.0_432"/>
    <property name="java.ext.dirs" value="/usr/lib/jvm/java-8-openjdk-amd64/jre/lib/ext:/usr/java/packages/lib/ext"/>
    <property name="sun.boot.class.path" value="/usr/lib/jvm/java-8-openjdk-amd64/jre/lib/resources.jar:/usr/lib/jvm/java-8-openjdk-amd64/jre/lib/rt.jar:/usr/lib/jvm/java-8-openjdk-amd64/jre/lib/sunrsasign.jar:/usr/lib/jvm/java-8-openjdk-amd64/jre/lib/jsse.jar:/usr/lib/jvm/java-8-openjdk-amd64/jre/lib/jce.jar:/usr/lib/jvm/java-8-openjdk-amd64/jre/lib/charsets.jar:/usr/lib/jvm/java-8-openjdk-amd64/jre/lib/jfr.jar:/usr/lib/jvm/java-8-openjdk-amd64/jre/classes"/>
    <property name="java.vendor" value="Private Build"/>
    <property name="java.specification.maintenance.version" value="6"/>
    <property name="maven.home" value="/home/chenyuwen/apache-maven-3.9.9"/>
    <property name="file.separator" value="/"/>
    <property name="java.vendor.url.bug" value="http://bugreport.sun.com/bugreport/"/>
    <property name="className" value="ds.Grafo"/>
    <property name="sun.cpu.endian" value="little"/>
    <property name="sun.io.unicode.encoding" value="UnicodeLittle"/>
    <property name="sun.desktop" value="gnome"/>
    <property name="sun.cpu.isalist" value=""/>
  </properties>
  <testcase name="test1" classname="ds.RandoopTest.ErrorTest0" time="0.045">
    <error type="java.lang.NullPointerException">java.lang.NullPointerException
	at ds.RandoopTest.ErrorTest0.test1(ErrorTest0.java:26)
</error>
    <system-out><![CDATA[Vertice 0:
  35 (0)
Vertice 1:
Vertice 2:
Vertice 3:
Vertice 4:
Vertice 5:
Vertice 6:
Vertice 7:
Vertice 8:
Vertice 9:
Vertice 10:
Vertice 11:
Vertice 12:
Vertice 13:
Vertice 14:
Vertice 15:
Vertice 16:
Vertice 17:
Vertice 18:
Vertice 19:
Vertice 20:
Vertice 21:
Vertice 22:
Vertice 23:
Vertice 24:
Vertice 25:
Vertice 26:
Vertice 27:
Vertice 28:
Vertice 29:
Vertice 30:
Vertice 31:
Vertice 32:
  35 (32)
Vertice 33:
Vertice 34:
Vertice 35:
Vertice 36:
Vertice 37:
Vertice 38:
Vertice 39:
Vertice 40:
Vertice 41:
Vertice 42:
Vertice 43:
Vertice 44:
Vertice 45:
Vertice 46:
Vertice 47:
Vertice 48:
Vertice 49:
Vertice 50:
Vertice 51:
Vertice 52:
Vertice 53:
Vertice 54:
Vertice 55:
Vertice 56:
Vertice 57:
Vertice 58:
Vertice 59:
Vertice 60:
Vertice 61:
Vertice 62:
Vertice 63:
Vertice 64:
Vertice 65:
Vertice 66:
Vertice 67:
Vertice 68:
Vertice 69:
Vertice 70:
Vertice 71:
Vertice 72:
Vertice 73:
Vertice 74:
Vertice 75:
Vertice 76:
Vertice 77:
Vertice 78:
Vertice 79:
Vertice 80:
Vertice 81:
Vertice 82:
Vertice 83:
Vertice 84:
Vertice 85:
Vertice 86:
Vertice 87:
Vertice 88:
Vertice 89:
Vertice 90:
Vertice 91:
Vertice 92:
Vertice 93:
Vertice 94:
Vertice 95:
Vertice 96:
Vertice 97:
Vertice 98:
Vertice 99:
Vertice 0:
  35 (0)
Vertice 1:
Vertice 2:
Vertice 3:
Vertice 4:
Vertice 5:
Vertice 6:
Vertice 7:
Vertice 8:
Vertice 9:
Vertice 10:
Vertice 11:
Vertice 12:
Vertice 13:
Vertice 14:
Vertice 15:
Vertice 16:
Vertice 17:
Vertice 18:
Vertice 19:
Vertice 20:
Vertice 21:
Vertice 22:
Vertice 23:
Vertice 24:
Vertice 25:
Vertice 26:
Vertice 27:
Vertice 28:
Vertice 29:
Vertice 30:
Vertice 31:
Vertice 32:
  35 (32)
Vertice 33:
Vertice 34:
Vertice 35:
Vertice 36:
Vertice 37:
Vertice 38:
Vertice 39:
Vertice 40:
Vertice 41:
Vertice 42:
Vertice 43:
Vertice 44:
Vertice 45:
Vertice 46:
Vertice 47:
Vertice 48:
Vertice 49:
Vertice 50:
Vertice 51:
Vertice 52:
Vertice 53:
Vertice 54:
Vertice 55:
Vertice 56:
Vertice 57:
Vertice 58:
Vertice 59:
Vertice 60:
Vertice 61:
Vertice 62:
Vertice 63:
Vertice 64:
Vertice 65:
Vertice 66:
Vertice 67:
Vertice 68:
Vertice 69:
Vertice 70:
Vertice 71:
Vertice 72:
Vertice 73:
Vertice 74:
Vertice 75:
Vertice 76:
Vertice 77:
Vertice 78:
Vertice 79:
Vertice 80:
Vertice 81:
Vertice 82:
Vertice 83:
Vertice 84:
Vertice 85:
Vertice 86:
Vertice 87:
Vertice 88:
Vertice 89:
Vertice 90:
Vertice 91:
Vertice 92:
Vertice 93:
Vertice 94:
Vertice 95:
Vertice 96:
Vertice 97:
Vertice 98:
Vertice 99:
]]></system-out>
  </testcase>
  <testcase name="test2" classname="ds.RandoopTest.ErrorTest0" time="0">
    <error type="java.lang.NullPointerException">java.lang.NullPointerException
	at ds.RandoopTest.ErrorTest0.test2(ErrorTest0.java:41)
</error>
  </testcase>
  <testcase name="test3" classname="ds.RandoopTest.ErrorTest0" time="0.019">
    <error type="java.lang.NullPointerException">java.lang.NullPointerException
	at ds.RandoopTest.ErrorTest0.test3(ErrorTest0.java:57)
</error>
    <system-out><![CDATA[Vertice 0:
Vertice 1:
Vertice 2:
Vertice 3:
Vertice 4:
Vertice 5:
Vertice 6:
Vertice 7:
Vertice 8:
Vertice 9:
Vertice 10:
Vertice 11:
Vertice 12:
Vertice 13:
Vertice 14:
Vertice 15:
Vertice 16:
Vertice 17:
Vertice 18:
Vertice 19:
Vertice 20:
Vertice 21:
Vertice 22:
Vertice 23:
Vertice 24:
Vertice 25:
Vertice 26:
Vertice 27:
Vertice 28:
Vertice 29:
Vertice 30:
Vertice 31:
Vertice 32:
Vertice 33:
Vertice 34:
Vertice 35:
  32 (32)
  0 (0)
Vertice 36:
Vertice 37:
Vertice 38:
Vertice 39:
Vertice 40:
Vertice 41:
Vertice 42:
Vertice 43:
Vertice 44:
Vertice 45:
Vertice 46:
Vertice 47:
Vertice 48:
Vertice 49:
Vertice 50:
Vertice 51:
Vertice 52:
Vertice 53:
Vertice 54:
Vertice 55:
Vertice 56:
Vertice 57:
Vertice 58:
Vertice 59:
Vertice 60:
Vertice 61:
Vertice 62:
Vertice 63:
Vertice 64:
Vertice 65:
Vertice 66:
Vertice 67:
Vertice 68:
Vertice 69:
Vertice 70:
Vertice 71:
Vertice 72:
Vertice 73:
Vertice 74:
Vertice 75:
Vertice 76:
Vertice 77:
Vertice 78:
Vertice 79:
Vertice 80:
Vertice 81:
Vertice 82:
Vertice 83:
Vertice 84:
Vertice 85:
Vertice 86:
Vertice 87:
Vertice 88:
Vertice 89:
Vertice 90:
Vertice 91:
Vertice 92:
Vertice 93:
Vertice 94:
Vertice 95:
Vertice 96:
Vertice 97:
Vertice 98:
Vertice 99:
Vertice 0:
Vertice 1:
Vertice 2:
Vertice 3:
Vertice 4:
Vertice 5:
Vertice 6:
Vertice 7:
Vertice 8:
Vertice 9:
Vertice 10:
  97 (32)
Vertice 11:
Vertice 12:
Vertice 13:
Vertice 14:
Vertice 15:
Vertice 16:
Vertice 17:
Vertice 18:
Vertice 19:
Vertice 20:
Vertice 21:
Vertice 22:
Vertice 23:
Vertice 24:
Vertice 25:
Vertice 26:
Vertice 27:
Vertice 28:
Vertice 29:
Vertice 30:
Vertice 31:
Vertice 32:
Vertice 33:
Vertice 34:
Vertice 35:
  32 (32)
  0 (0)
Vertice 36:
Vertice 37:
Vertice 38:
Vertice 39:
Vertice 40:
Vertice 41:
Vertice 42:
Vertice 43:
Vertice 44:
Vertice 45:
Vertice 46:
Vertice 47:
Vertice 48:
Vertice 49:
Vertice 50:
Vertice 51:
Vertice 52:
Vertice 53:
Vertice 54:
Vertice 55:
Vertice 56:
Vertice 57:
Vertice 58:
Vertice 59:
Vertice 60:
Vertice 61:
Vertice 62:
Vertice 63:
Vertice 64:
Vertice 65:
Vertice 66:
Vertice 67:
Vertice 68:
Vertice 69:
Vertice 70:
Vertice 71:
Vertice 72:
Vertice 73:
Vertice 74:
Vertice 75:
Vertice 76:
Vertice 77:
Vertice 78:
Vertice 79:
Vertice 80:
Vertice 81:
Vertice 82:
Vertice 83:
Vertice 84:
Vertice 85:
Vertice 86:
Vertice 87:
Vertice 88:
Vertice 89:
Vertice 90:
Vertice 91:
Vertice 92:
Vertice 93:
Vertice 94:
Vertice 95:
Vertice 96:
Vertice 97:
Vertice 98:
Vertice 99:
]]></system-out>
  </testcase>
  <testcase name="test4" classname="ds.RandoopTest.ErrorTest0" time="0.002">
    <error type="java.lang.NullPointerException">java.lang.NullPointerException
	at ds.RandoopTest.ErrorTest0.test4(ErrorTest0.java:70)
</error>
    <system-out><![CDATA[Vertice 0:
Vertice 1:
Vertice 2:
Vertice 3:
Vertice 4:
Vertice 5:
Vertice 6:
Vertice 7:
Vertice 8:
Vertice 9:
Vertice 10:
Vertice 11:
Vertice 12:
Vertice 13:
Vertice 14:
Vertice 15:
Vertice 16:
Vertice 17:
Vertice 18:
Vertice 19:
Vertice 20:
Vertice 21:
Vertice 22:
Vertice 23:
Vertice 24:
Vertice 25:
Vertice 26:
Vertice 27:
Vertice 28:
Vertice 29:
Vertice 30:
Vertice 31:
Vertice 32:
Vertice 33:
Vertice 34:
Vertice 35:
  32 (32)
  0 (0)
Vertice 36:
Vertice 37:
Vertice 38:
Vertice 39:
Vertice 40:
Vertice 41:
Vertice 42:
Vertice 43:
Vertice 44:
Vertice 45:
Vertice 46:
Vertice 47:
Vertice 48:
Vertice 49:
Vertice 50:
Vertice 51:
Vertice 52:
Vertice 53:
Vertice 54:
Vertice 55:
Vertice 56:
Vertice 57:
Vertice 58:
Vertice 59:
Vertice 60:
Vertice 61:
Vertice 62:
Vertice 63:
Vertice 64:
Vertice 65:
Vertice 66:
Vertice 67:
Vertice 68:
Vertice 69:
Vertice 70:
Vertice 71:
Vertice 72:
Vertice 73:
Vertice 74:
Vertice 75:
Vertice 76:
Vertice 77:
Vertice 78:
Vertice 79:
Vertice 80:
Vertice 81:
Vertice 82:
Vertice 83:
Vertice 84:
Vertice 85:
Vertice 86:
Vertice 87:
Vertice 88:
Vertice 89:
Vertice 90:
Vertice 91:
Vertice 92:
Vertice 93:
Vertice 94:
Vertice 95:
Vertice 96:
Vertice 97:
Vertice 98:
Vertice 99:
]]></system-out>
  </testcase>
</testsuite>